# JRE version: Java(TM) SE Runtime Environment (8.0_65-b17) (build 1.8.0_65-b17)
# Java VM: Java HotSpot(TM) 64-Bit Server VM (25.65-b01 mixed mode linux-amd64 compressed oops)
Heap:
 PSYoungGen      total 211968K, used 26897K [0x00000000d5580000, 0x00000000e4480000, 0x0000000100000000)
  eden space 184832K, 0% used [0x00000000d5580000,0x00000000d5580000,0x00000000e0a00000)
  from space 27136K, 99% used [0x00000000e0a00000,0x00000000e24447c0,0x00000000e2480000)
  to   space 21504K, 0% used [0x00000000e2480000,0x00000000e2480000,0x00000000e3980000)
 ParOldGen       total 62976K, used 37389K [0x0000000080000000, 0x0000000083d80000, 0x00000000d5580000)
  object space 62976K, 59% used [0x0000000080000000,0x0000000082483488,0x0000000083d80000)
 Metaspace       used 6822K, capacity 7608K, committed 7936K, reserved 1056768K
  class space    used 632K, capacity 688K, committed 768K, reserved 1048576K
GC Heap History (10 events):
Event: 2.947 GC heap after
Heap after GC invocations=4 (full 0):
 PSYoungGen      total 51712K, used 3564K [0x00000000d5580000, 0x00000000d8b80000, 0x0000000100000000)
  eden space 48128K, 0% used [0x00000000d5580000,0x00000000d5580000,0x00000000d8480000)
  from space 3584K, 99% used [0x00000000d8800000,0x00000000d8b7b350,0x00000000d8b80000)
  to   space 3584K, 0% used [0x00000000d8480000,0x00000000d8480000,0x00000000d8800000)
 ParOldGen       total 62976K, used 10301K [0x0000000080000000, 0x0000000083d80000, 0x00000000d5580000)
  object space 62976K, 16% used [0x0000000080000000,0x0000000080a0f4b0,0x0000000083d80000)
 Metaspace       used 5852K, capacity 6832K, committed 7040K, reserved 1056768K
  class space    used 592K, capacity 616K, committed 640K, reserved 1048576K
}
Event: 3.472 GC heap before
{Heap before GC invocations=5 (full 0):
 PSYoungGen      total 51712K, used 51692K [0x00000000d5580000, 0x00000000d8b80000, 0x0000000100000000)
  eden space 48128K, 100% used [0x00000000d5580000,0x00000000d8480000,0x00000000d8480000)
  from space 3584K, 99% used [0x00000000d8800000,0x00000000d8b7b350,0x00000000d8b80000)
  to   space 3584K, 0% used [0x00000000d8480000,0x00000000d8480000,0x00000000d8800000)
 ParOldGen       total 62976K, used 10301K [0x0000000080000000, 0x0000000083d80000, 0x00000000d5580000)
  object space 62976K, 16% used [0x0000000080000000,0x0000000080a0f4b0,0x0000000083d80000)
 Metaspace       used 5899K, capacity 6896K, committed 7040K, reserved 1056768K
  class space    used 592K, capacity 616K, committed 640K, reserved 1048576K
Event: 3.523 GC heap after
Heap after GC invocations=5 (full 0):
 PSYoungGen      total 51712K, used 3553K [0x00000000d5580000, 0x00000000dcb80000, 0x0000000100000000)
  eden space 48128K, 0% used [0x00000000d5580000,0x00000000d5580000,0x00000000d8480000)
  from space 3584K, 99% used [0x00000000d8480000,0x00000000d87f85d8,0x00000000d8800000)
  to   space 12288K, 0% used [0x00000000dbf80000,0x00000000dbf80000,0x00000000dcb80000)
 ParOldGen       total 62976K, used 17637K [0x0000000080000000, 0x0000000083d80000, 0x00000000d5580000)
  object space 62976K, 28% used [0x0000000080000000,0x00000000811397e8,0x0000000083d80000)
 Metaspace       used 5899K, capacity 6896K, committed 7040K, reserved 1056768K
  class space    used 592K, capacity 616K, committed 640K, reserved 1048576K
}
Event: 4.018 GC heap before
{Heap before GC invocations=6 (full 0):
 PSYoungGen      total 51712K, used 51681K [0x00000000d5580000, 0x00000000dcb80000, 0x0000000100000000)
  eden space 48128K, 100% used [0x00000000d5580000,0x00000000d8480000,0x00000000d8480000)
  from space 3584K, 99% used [0x00000000d8480000,0x00000000d87f85d8,0x00000000d8800000)
  to   space 12288K, 0% used [0x00000000dbf80000,0x00000000dbf80000,0x00000000dcb80000)
 ParOldGen       total 62976K, used 17637K [0x0000000080000000, 0x0000000083d80000, 0x00000000d5580000)
  object space 62976K, 28% used [0x0000000080000000,0x00000000811397e8,0x0000000083d80000)
 Metaspace       used 5940K, capacity 6960K, committed 7040K, reserved 1056768K
  class space    used 592K, capacity 616K, committed 640K, reserved 1048576K
Event: 4.062 GC heap after
Heap after GC invocations=6 (full 0):
 PSYoungGen      total 107520K, used 10529K [0x00000000d5580000, 0x00000000dcd80000, 0x0000000100000000)
  eden space 95232K, 0% used [0x00000000d5580000,0x00000000d5580000,0x00000000db280000)
  from space 12288K, 85% used [0x00000000dbf80000,0x00000000dc9c85d8,0x00000000dcb80000)
  to   space 13312K, 0% used [0x00000000db280000,0x00000000db280000,0x00000000dbf80000)
 ParOldGen       total 62976K, used 17645K [0x0000000080000000, 0x0000000083d80000, 0x00000000d5580000)
  object space 62976K, 28% used [0x0000000080000000,0x000000008113b7e8,0x0000000083d80000)
 Metaspace       used 5940K, capacity 6960K, committed 7040K, reserved 1056768K
  class space    used 592K, capacity 616K, committed 640K, reserved 1048576K
}
Event: 4.837 GC heap before
{Heap before GC invocations=7 (full 0):
 PSYoungGen      total 107520K, used 105761K [0x00000000d5580000, 0x00000000dcd80000, 0x0000000100000000)
  eden space 95232K, 100% used [0x00000000d5580000,0x00000000db280000,0x00000000db280000)
  from space 12288K, 85% used [0x00000000dbf80000,0x00000000dc9c85d8,0x00000000dcb80000)
  to   space 13312K, 0% used [0x00000000db280000,0x00000000db280000,0x00000000dbf80000)
 ParOldGen       total 62976K, used 17645K [0x0000000080000000, 0x0000000083d80000, 0x00000000d5580000)
  object space 62976K, 28% used [0x0000000080000000,0x000000008113b7e8,0x0000000083d80000)
 Metaspace       used 6053K, capacity 7024K, committed 7296K, reserved 1056768K
  class space    used 592K, capacity 616K, committed 640K, reserved 1048576K
Event: 4.902 GC heap after
Heap after GC invocations=7 (full 0):
 PSYoungGen      total 108544K, used 13301K [0x00000000d5580000, 0x00000000e3980000, 0x0000000100000000)
  eden space 95232K, 0% used [0x00000000d5580000,0x00000000d5580000,0x00000000db280000)
  from space 13312K, 99% used [0x00000000db280000,0x00000000dbf7d400,0x00000000dbf80000)
  to   space 21504K, 0% used [0x00000000e2480000,0x00000000e2480000,0x00000000e3980000)
 ParOldGen       total 62976K, used 29358K [0x0000000080000000, 0x0000000083d80000, 0x00000000d5580000)
  object space 62976K, 46% used [0x0000000080000000,0x0000000081cabbd0,0x0000000083d80000)
 Metaspace       used 6053K, capacity 7024K, committed 7296K, reserved 1056768K
  class space    used 592K, capacity 616K, committed 640K, reserved 1048576K
}
Event: 5.709 GC heap before
{Heap before GC invocations=8 (full 0):
 PSYoungGen      total 108544K, used 108533K [0x00000000d5580000, 0x00000000e3980000, 0x0000000100000000)
  eden space 95232K, 100% used [0x00000000d5580000,0x00000000db280000,0x00000000db280000)
  from space 13312K, 99% used [0x00000000db280000,0x00000000dbf7d400,0x00000000dbf80000)
  to   space 21504K, 0% used [0x00000000e2480000,0x00000000e2480000,0x00000000e3980000)
 ParOldGen       total 62976K, used 29358K [0x0000000080000000, 0x0000000083d80000, 0x00000000d5580000)
  object space 62976K, 46% used [0x0000000080000000,0x0000000081cabbd0,0x0000000083d80000)
 Metaspace       used 6269K, capacity 7192K, committed 7424K, reserved 1056768K
  class space    used 612K, capacity 656K, committed 768K, reserved 1048576K
Event: 5.833 GC heap after
Heap after GC invocations=8 (full 0):
 PSYoungGen      total 206336K, used 21499K [0x00000000d5580000, 0x00000000e4480000, 0x0000000100000000)
  eden space 184832K, 0% used [0x00000000d5580000,0x00000000d5580000,0x00000000e0a00000)
  from space 21504K, 99% used [0x00000000e2480000,0x00000000e397eec0,0x00000000e3980000)
  to   space 27136K, 0% used [0x00000000e0a00000,0x00000000e0a00000,0x00000000e2480000)
 ParOldGen       total 62976K, used 33858K [0x0000000080000000, 0x0000000083d80000, 0x00000000d5580000)
  object space 62976K, 53% used [0x0000000080000000,0x00000000821108d8,0x0000000083d80000)
 Metaspace       used 6269K, capacity 7192K, committed 7424K, reserved 1056768K
  class space    used 612K, capacity 656K, committed 768K, reserved 1048576K
}
Event: 10.845 GC heap before
{Heap before GC invocations=9 (full 0):
 PSYoungGen      total 206336K, used 206331K [0x00000000d5580000, 0x00000000e4480000, 0x0000000100000000)
  eden space 184832K, 100% used [0x00000000d5580000,0x00000000e0a00000,0x00000000e0a00000)
  from space 21504K, 99% used [0x00000000e2480000,0x00000000e397eec0,0x00000000e3980000)
  to   space 27136K, 0% used [0x00000000e0a00000,0x00000000e0a00000,0x00000000e2480000)
 ParOldGen       total 62976K, used 33858K [0x0000000080000000, 0x0000000083d80000, 0x00000000d5580000)
  object space 62976K, 53% used [0x0000000080000000,0x00000000821108d8,0x0000000083d80000)
 Metaspace       used 6822K, capacity 7608K, committed 7936K, reserved 1056768K
  class space    used 632K, capacity 688K, committed 768K, reserved 1048576K

